<?xml version="1.0" encoding="UTF-8"?>
<testsuite xmlns:xsi="http://www.w3.org/2001/XMLSchema-instance" xsi:noNamespaceSchemaLocation="https://maven.apache.org/surefire/maven-surefire-plugin/xsd/surefire-test-report.xsd" version="3.0.2" name="elfahimi.eurekagateway.EurekaGatewayApplicationTests" time="7.317" tests="2" errors="0" skipped="0" failures="0">
  <properties>
[...]
</properties>
  <testcase name="corsConfigurationIsLoaded" classname="elfahimi.eurekagateway.EurekaGatewayApplicationTests" time="1.126">
    <system-out><![CDATA[
  .   ____          _            __ _ _
 /\\ / ___'_ __ _ _(_)_ __  __ _ \ \ \ \
( ( )\___ | '_ | '_| | '_ \/ _` | \ \ \ \
 \\/  ___)| |_)| | | | | || (_| |  ) ) ) )
  '  |____| .__|_| |_|_| |_\__, | / / / /
 =========|_|==============|___/=/_/_/_/

 :: Spring Boot ::                (v3.4.0)

2024-12-28T18:30:14.215+01:00  INFO 19660 --- [EurekaGateway] [           main] e.e.EurekaGatewayApplicationTests        : Starting EurekaGatewayApplicationTests using Java 17.0.10 with PID 19660 (started by PC in C:\Users\PC\Desktop\emsi\5IIR\spring boot - vendredi\FeignClient\Gateway)
2024-12-28T18:30:14.219+01:00  INFO 19660 --- [EurekaGateway] [           main] e.e.EurekaGatewayApplicationTests        : No active profile set, falling back to 1 default profile: "default"
2024-12-28T18:30:16.114+01:00  INFO 19660 --- [EurekaGateway] [           main] o.s.cloud.context.scope.GenericScope     : BeanFactory id=0c766d26-933a-355c-925a-ebf0d5e8e6f9
2024-12-28T18:30:17.146+01:00 DEBUG 19660 --- [EurekaGateway] [           main] o.s.c.gateway.config.GatewayProperties   : Routes supplied from Gateway Properties: [RouteDefinition{id='r1', predicates=[PredicateDefinition{name='Path', args={_genkey_0=/clients/**}}], filters=[], uri=http://localhost:8088, order=0, metadata={}, enabled=true}, RouteDefinition{id='r2', predicates=[PredicateDefinition{name='Path', args={_genkey_0=/client/**}}], filters=[], uri=http://localhost:8088, order=0, metadata={}, enabled=true}, RouteDefinition{id='r3', predicates=[PredicateDefinition{name='Path', args={_genkey_0=/voituress/**}}], filters=[], uri=http://localhost:8089, order=0, metadata={}, enabled=true}, RouteDefinition{id='r4', predicates=[PredicateDefinition{name='Path', args={_genkey_0=/voitures/**}}], filters=[], uri=http://localhost:8089, order=0, metadata={}, enabled=true}]
2024-12-28T18:30:17.580+01:00  INFO 19660 --- [EurekaGateway] [           main] o.s.c.g.r.RouteDefinitionRouteLocator    : Loaded RoutePredicateFactory [After]
2024-12-28T18:30:17.580+01:00  INFO 19660 --- [EurekaGateway] [           main] o.s.c.g.r.RouteDefinitionRouteLocator    : Loaded RoutePredicateFactory [Before]
2024-12-28T18:30:17.580+01:00  INFO 19660 --- [EurekaGateway] [           main] o.s.c.g.r.RouteDefinitionRouteLocator    : Loaded RoutePredicateFactory [Between]
2024-12-28T18:30:17.580+01:00  INFO 19660 --- [EurekaGateway] [           main] o.s.c.g.r.RouteDefinitionRouteLocator    : Loaded RoutePredicateFactory [Cookie]
2024-12-28T18:30:17.581+01:00  INFO 19660 --- [EurekaGateway] [           main] o.s.c.g.r.RouteDefinitionRouteLocator    : Loaded RoutePredicateFactory [Header]
2024-12-28T18:30:17.581+01:00  INFO 19660 --- [EurekaGateway] [           main] o.s.c.g.r.RouteDefinitionRouteLocator    : Loaded RoutePredicateFactory [Host]
2024-12-28T18:30:17.581+01:00  INFO 19660 --- [EurekaGateway] [           main] o.s.c.g.r.RouteDefinitionRouteLocator    : Loaded RoutePredicateFactory [Method]
2024-12-28T18:30:17.581+01:00  INFO 19660 --- [EurekaGateway] [           main] o.s.c.g.r.RouteDefinitionRouteLocator    : Loaded RoutePredicateFactory [Path]
2024-12-28T18:30:17.581+01:00  INFO 19660 --- [EurekaGateway] [           main] o.s.c.g.r.RouteDefinitionRouteLocator    : Loaded RoutePredicateFactory [Query]
2024-12-28T18:30:17.581+01:00  INFO 19660 --- [EurekaGateway] [           main] o.s.c.g.r.RouteDefinitionRouteLocator    : Loaded RoutePredicateFactory [ReadBody]
2024-12-28T18:30:17.581+01:00  INFO 19660 --- [EurekaGateway] [           main] o.s.c.g.r.RouteDefinitionRouteLocator    : Loaded RoutePredicateFactory [RemoteAddr]
2024-12-28T18:30:17.581+01:00  INFO 19660 --- [EurekaGateway] [           main] o.s.c.g.r.RouteDefinitionRouteLocator    : Loaded RoutePredicateFactory [XForwardedRemoteAddr]
2024-12-28T18:30:17.581+01:00  INFO 19660 --- [EurekaGateway] [           main] o.s.c.g.r.RouteDefinitionRouteLocator    : Loaded RoutePredicateFactory [Weight]
2024-12-28T18:30:17.581+01:00  INFO 19660 --- [EurekaGateway] [           main] o.s.c.g.r.RouteDefinitionRouteLocator    : Loaded RoutePredicateFactory [CloudFoundryRouteService]
2024-12-28T18:30:17.763+01:00 DEBUG 19660 --- [EurekaGateway] [           main] o.s.w.r.handler.SimpleUrlHandlerMapping  : Patterns [/webjars/**, /**] in 'resourceHandlerMapping'
2024-12-28T18:30:17.909+01:00  INFO 19660 --- [EurekaGateway] [           main] o.s.b.a.e.web.EndpointLinksResolver      : Exposing 1 endpoint beneath base path '/actuator'
2024-12-28T18:30:17.998+01:00 DEBUG 19660 --- [EurekaGateway] [           main] o.s.w.r.r.m.a.ControllerMethodResolver   : ControllerAdvice beans: none
2024-12-28T18:30:18.074+01:00 DEBUG 19660 --- [EurekaGateway] [           main] o.s.w.s.adapter.HttpWebHandlerAdapter    : enableLoggingRequestDetails='false': form data and headers will be masked to prevent unsafe logging of potentially sensitive data
2024-12-28T18:30:18.266+01:00  INFO 19660 --- [EurekaGateway] [           main] DiscoveryClientOptionalArgsConfiguration : Eureka HTTP Client uses RestTemplate.
2024-12-28T18:30:18.295+01:00  WARN 19660 --- [EurekaGateway] [           main] iguration$LoadBalancerCaffeineWarnLogger : Spring Cloud LoadBalancer is currently working with the default cache. While this cache implementation is useful for development and tests, it's recommended to use Caffeine cache in production.You can switch to using Caffeine cache, by adding it and org.springframework.cache.caffeine.CaffeineCacheManager to the classpath.
2024-12-28T18:30:18.513+01:00 DEBUG 19660 --- [EurekaGateway] [           main] o.s.c.g.r.RouteDefinitionRouteLocator    : RouteDefinition r1 applying {_genkey_0=/clients/**} to Path
2024-12-28T18:30:18.545+01:00 DEBUG 19660 --- [EurekaGateway] [           main] o.s.c.g.r.RouteDefinitionRouteLocator    : RouteDefinition matched: r1
2024-12-28T18:30:18.546+01:00 DEBUG 19660 --- [EurekaGateway] [           main] o.s.c.g.r.RouteDefinitionRouteLocator    : RouteDefinition r2 applying {_genkey_0=/client/**} to Path
2024-12-28T18:30:18.548+01:00 DEBUG 19660 --- [EurekaGateway] [           main] o.s.c.g.r.RouteDefinitionRouteLocator    : RouteDefinition matched: r2
2024-12-28T18:30:18.548+01:00 DEBUG 19660 --- [EurekaGateway] [           main] o.s.c.g.r.RouteDefinitionRouteLocator    : RouteDefinition r3 applying {_genkey_0=/voituress/**} to Path
2024-12-28T18:30:18.550+01:00 DEBUG 19660 --- [EurekaGateway] [           main] o.s.c.g.r.RouteDefinitionRouteLocator    : RouteDefinition matched: r3
2024-12-28T18:30:18.550+01:00 DEBUG 19660 --- [EurekaGateway] [           main] o.s.c.g.r.RouteDefinitionRouteLocator    : RouteDefinition r4 applying {_genkey_0=/voitures/**} to Path
2024-12-28T18:30:18.552+01:00 DEBUG 19660 --- [EurekaGateway] [           main] o.s.c.g.r.RouteDefinitionRouteLocator    : RouteDefinition matched: r4
2024-12-28T18:30:18.566+01:00 DEBUG 19660 --- [EurekaGateway] [           main] o.s.c.g.filter.GatewayMetricsFilter      : New routes count: 4
2024-12-28T18:30:18.570+01:00  INFO 19660 --- [EurekaGateway] [           main] e.e.EurekaGatewayApplicationTests        : Started EurekaGatewayApplicationTests in 5.07 seconds (process running for 7.057)
]]></system-out>
  </testcase>
  <testcase name="contextLoads" classname="elfahimi.eurekagateway.EurekaGatewayApplicationTests" time="0.006"/>
</testsuite>