<?xml version="1.0" encoding="UTF-8"?>
<testsuite xmlns:xsi="http://www.w3.org/2001/XMLSchema-instance" xsi:noNamespaceSchemaLocation="https://maven.apache.org/surefire/maven-surefire-plugin/xsd/surefire-test-report.xsd" version="3.0.2" name="exemple.eurekaclient.ClientRepositoryTest" time="5.197" tests="2" errors="0" skipped="0" failures="0">
  <properties>
[...]
</properties>
  <testcase name="findAll_shouldReturnAllClients" classname="exemple.eurekaclient.ClientRepositoryTest" time="0.264">
    <system-out><![CDATA[2024-12-28T18:41:36.870+01:00  INFO 21224 --- [EurekaClient] [           main] t.c.s.AnnotationConfigContextLoaderUtils : Could not detect default configuration classes for test class [exemple.eurekaclient.ClientRepositoryTest]: ClientRepositoryTest does not declare any static, non-private, non-final, nested classes annotated with @Configuration.
2024-12-28T18:41:36.899+01:00  INFO 21224 --- [EurekaClient] [           main] .b.t.c.SpringBootTestContextBootstrapper : Found @SpringBootConfiguration exemple.eurekaclient.EurekaClientApplication for test class exemple.eurekaclient.ClientRepositoryTest
2024-12-28T18:41:36.907+01:00  INFO 21224 --- [EurekaClient] [           main] o.s.b.d.r.RestartApplicationListener     : Restart disabled due to context in which it is running

  .   ____          _            __ _ _
 /\\ / ___'_ __ _ _(_)_ __  __ _ \ \ \ \
( ( )\___ | '_ | '_| | '_ \/ _` | \ \ \ \
 \\/  ___)| |_)| | | | | || (_| |  ) ) ) )
  '  |____| .__|_| |_|_| |_\__, | / / / /
 =========|_|==============|___/=/_/_/_/

 :: Spring Boot ::                (v3.4.0)

2024-12-28T18:41:37.079+01:00  INFO 21224 --- [EurekaClient] [           main] e.eurekaclient.ClientRepositoryTest      : Starting ClientRepositoryTest using Java 17.0.10 with PID 21224 (started by PC in C:\Users\PC\Desktop\emsi\5IIR\spring boot - vendredi\FeignClient\Client)
2024-12-28T18:41:37.079+01:00  INFO 21224 --- [EurekaClient] [           main] e.eurekaclient.ClientRepositoryTest      : No active profile set, falling back to 1 default profile: "default"
2024-12-28T18:41:37.366+01:00  INFO 21224 --- [EurekaClient] [           main] .s.d.r.c.RepositoryConfigurationDelegate : Bootstrapping Spring Data JPA repositories in DEFAULT mode.
2024-12-28T18:41:37.442+01:00  INFO 21224 --- [EurekaClient] [           main] .s.d.r.c.RepositoryConfigurationDelegate : Finished Spring Data repository scanning in 55 ms. Found 1 JPA repository interface.
2024-12-28T18:41:37.531+01:00  INFO 21224 --- [EurekaClient] [           main] beddedDataSourceBeanFactoryPostProcessor : Replacing 'dataSource' DataSource bean with embedded version
2024-12-28T18:41:37.670+01:00  INFO 21224 --- [EurekaClient] [           main] o.s.j.d.e.EmbeddedDatabaseFactory        : Starting embedded database: url='jdbc:h2:mem:f7cbff58-f458-47df-84b5-d2eec36ca225;DB_CLOSE_DELAY=-1;DB_CLOSE_ON_EXIT=false', username='sa'
2024-12-28T18:41:38.394+01:00  INFO 21224 --- [EurekaClient] [           main] o.hibernate.jpa.internal.util.LogHelper  : HHH000204: Processing PersistenceUnitInfo [name: default]
2024-12-28T18:41:38.562+01:00  INFO 21224 --- [EurekaClient] [           main] org.hibernate.Version                    : HHH000412: Hibernate ORM core version 6.6.2.Final
2024-12-28T18:41:38.668+01:00  INFO 21224 --- [EurekaClient] [           main] o.h.c.internal.RegionFactoryInitiator    : HHH000026: Second-level cache disabled
2024-12-28T18:41:39.031+01:00  INFO 21224 --- [EurekaClient] [           main] o.s.o.j.p.SpringPersistenceUnitInfo      : No LoadTimeWeaver setup: ignoring JPA class transformer
2024-12-28T18:41:39.245+01:00  INFO 21224 --- [EurekaClient] [           main] org.hibernate.orm.connections.pooling    : HHH10001005: Database info:
	Database JDBC URL [Connecting through datasource 'org.springframework.jdbc.datasource.embedded.EmbeddedDatabaseFactory$EmbeddedDataSourceProxy@29ae5afd']
	Database driver: undefined/unknown
	Database version: 2.3.232
	Autocommit mode: undefined/unknown
	Isolation level: undefined/unknown
	Minimum pool size: undefined/unknown
	Maximum pool size: undefined/unknown
Hibernate: create global temporary table HTE_client(age integer, rn_ integer not null, id bigint, nom varchar(255), primary key (rn_)) TRANSACTIONAL
2024-12-28T18:41:40.974+01:00  INFO 21224 --- [EurekaClient] [           main] o.h.e.t.j.p.i.JtaPlatformInitiator       : HHH000489: No JTA platform available (set 'hibernate.transaction.jta.platform' to enable JTA platform integration)
Hibernate: drop table if exists client cascade 
Hibernate: drop sequence if exists client_seq
Hibernate: create sequence client_seq start with 1 increment by 50
Hibernate: create table client (age integer not null, id bigint not null, nom varchar(255), primary key (id))
2024-12-28T18:41:41.068+01:00  INFO 21224 --- [EurekaClient] [           main] j.LocalContainerEntityManagerFactoryBean : Initialized JPA EntityManagerFactory for persistence unit 'default'
2024-12-28T18:41:41.618+01:00  INFO 21224 --- [EurekaClient] [           main] e.eurekaclient.ClientRepositoryTest      : Started ClientRepositoryTest in 4.711 seconds (process running for 12.525)
Hibernate: select next value for client_seq
Hibernate: insert into client (age,nom,id) values (?,?,?)
Hibernate: select next value for client_seq
Hibernate: insert into client (age,nom,id) values (?,?,?)
Hibernate: insert into client (age,nom,id) values (?,?,?)
Hibernate: insert into client (age,nom,id) values (?,?,?)
Hibernate: insert into client (age,nom,id) values (?,?,?)
Hibernate: select c1_0.id,c1_0.age,c1_0.nom from client c1_0
]]></system-out>
  </testcase>
  <testcase name="findById_shouldReturnClient" classname="exemple.eurekaclient.ClientRepositoryTest" time="0.016"/>
</testsuite>